[2025-04-27T15:39:05.153Z] ERROR: Missing required environment variable: MONGO_URI 
[2025-04-27T15:42:03.646Z] ERROR: Missing required environment variable: MONGO_URI 
[2025-04-27T15:42:15.003Z] ERROR: Missing required environment variable: MONGO_URI 
[2025-04-27T15:43:12.859Z] ERROR: Missing required environment variable: MONGO_URI 
[2025-04-27T15:44:10.995Z] ERROR: Missing required environment variable: MONGO_URI 
[2025-04-27T15:47:18.924Z] ERROR: Missing required environment variable: MONGO_URI 
[2025-04-27T15:48:43.409Z] ERROR: Missing required environment variable: MONGO_URI 
[2025-04-27T15:49:53.290Z] ERROR: Missing required environment variable: MONGO_URI 
[2025-04-27T15:53:47.500Z] ERROR: Missing required environment variable: MONGO_URI 
[2025-04-27T15:54:20.462Z] ERROR: Missing required environment variable: JWT_SECRET 
[2025-04-27T15:54:47.607Z] ERROR: Missing required environment variable: JWT_SECRET 
[2025-04-27T15:55:14.584Z] ERROR: Missing required environment variable: JWT_SECRET 
[2025-04-27T15:57:49.755Z] ERROR: Missing required environment variable: JWT_SECRET 
[2025-04-27T15:58:47.685Z] ERROR: Missing required environment variable: JWT_SECRET 
[2025-04-27T15:59:32.267Z] ERROR: Missing required environment variable: MONGO_URI 
[2025-04-27T15:59:51.545Z] ERROR: Missing required environment variable: MONGO_URI 
[2025-04-27T16:00:11.796Z] INFO: Attempting to connect to MongoDB... 
[2025-04-27T16:00:11.797Z] INFO: Attempting to connect to MongoDB... 
[2025-04-27T16:00:12.475Z] INFO: MongoDB connected: login-shard-00-00.kj6xw.mongodb.net 
[2025-04-27T16:00:12.477Z] INFO: MongoDB connected: login-shard-00-00.kj6xw.mongodb.net 
[2025-04-27T16:00:12.484Z] ERROR: Server error: listen EADDRINUSE: address already in use :::5000 
[2025-04-27T16:00:47.027Z] INFO: Attempting to connect to MongoDB... 
[2025-04-27T16:00:47.029Z] INFO: Attempting to connect to MongoDB... 
[2025-04-27T16:00:47.712Z] INFO: MongoDB connected: login-shard-00-00.kj6xw.mongodb.net 
[2025-04-27T16:00:47.715Z] INFO: MongoDB connected: login-shard-00-00.kj6xw.mongodb.net 
[2025-04-27T16:00:47.721Z] INFO: Server running in development mode on port 5006 
[2025-04-27T16:00:47.722Z] INFO: API ready at: http://localhost:5006/api 
[2025-04-27T16:00:47.723Z] INFO: Server started at: 2025-04-27T16:00:47.723Z 
[2025-04-27T16:05:16.025Z] INFO: Attempting to connect to MongoDB... 
[2025-04-27T16:05:16.027Z] INFO: Attempting to connect to MongoDB... 
[2025-04-27T16:05:16.030Z] ERROR: MongoDB connection error: Invalid scheme, expected connection string to start with "mongodb://" or "mongodb+srv://" 
[2025-04-27T16:06:05.520Z] INFO: Attempting to connect to MongoDB... 
[2025-04-27T16:06:05.521Z] INFO: Attempting to connect to MongoDB... 
[2025-04-27T16:06:05.524Z] ERROR: MongoDB connection error: Invalid scheme, expected connection string to start with "mongodb://" or "mongodb+srv://" 
[2025-04-27T16:06:42.241Z] INFO: Attempting to connect to MongoDB... 
[2025-04-27T16:06:42.242Z] INFO: Attempting to connect to MongoDB... 
[2025-04-27T16:06:42.245Z] ERROR: MongoDB connection error: Invalid scheme, expected connection string to start with "mongodb://" or "mongodb+srv://" 
[2025-04-27T16:08:03.383Z] INFO: Attempting to connect to MongoDB... 
[2025-04-27T16:08:03.384Z] INFO: Attempting to connect to MongoDB... 
[2025-04-27T16:08:04.110Z] INFO: MongoDB connected: login-shard-00-01.kj6xw.mongodb.net 
[2025-04-27T16:08:04.111Z] INFO: MongoDB connected: login-shard-00-01.kj6xw.mongodb.net 
[2025-04-27T16:08:04.123Z] ERROR: Server error: listen EADDRINUSE: address already in use :::5006 
[2025-04-27T16:08:48.662Z] INFO: Attempting to connect to MongoDB... 
[2025-04-27T16:08:48.663Z] INFO: Attempting to connect to MongoDB... 
[2025-04-27T16:08:49.739Z] INFO: MongoDB connected: login-shard-00-02.kj6xw.mongodb.net 
[2025-04-27T16:08:49.741Z] INFO: MongoDB connected: login-shard-00-02.kj6xw.mongodb.net 
[2025-04-27T16:08:49.753Z] INFO: Server running in development mode on port 5008 
[2025-04-27T16:08:49.754Z] INFO: API ready at: http://localhost:5008/api 
[2025-04-27T16:08:49.755Z] INFO: Server started at: 2025-04-27T16:08:49.755Z 
[2025-04-27T16:09:57.155Z] INFO: Attempting to connect to MongoDB... 
[2025-04-27T16:09:57.157Z] INFO: Attempting to connect to MongoDB... 
[2025-04-27T16:09:57.161Z] ERROR: MongoDB connection error: Invalid scheme, expected connection string to start with "mongodb://" or "mongodb+srv://" 
[2025-04-27T16:10:35.301Z] INFO: Attempting to connect to MongoDB... 
[2025-04-27T16:10:35.303Z] INFO: Attempting to connect to MongoDB... 
[2025-04-27T16:10:35.310Z] ERROR: MongoDB connection error: Invalid scheme, expected connection string to start with "mongodb://" or "mongodb+srv://" 
[2025-04-27T16:11:06.376Z] INFO: Attempting to connect to MongoDB... 
[2025-04-27T16:11:06.379Z] INFO: Attempting to connect to MongoDB... 
[2025-04-27T16:11:07.242Z] INFO: MongoDB connected: login-shard-00-00.kj6xw.mongodb.net 
[2025-04-27T16:11:07.244Z] INFO: MongoDB connected: login-shard-00-00.kj6xw.mongodb.net 
[2025-04-27T16:11:07.257Z] ERROR: Server error: listen EADDRINUSE: address already in use :::5008 
[2025-04-27T16:12:08.994Z] INFO: Attempting to connect to MongoDB... 
[2025-04-27T16:12:08.995Z] INFO: Attempting to connect to MongoDB... 
[2025-04-27T16:12:08.998Z] ERROR: MongoDB connection error: Invalid scheme, expected connection string to start with "mongodb://" or "mongodb+srv://" 
[2025-04-27T16:13:56.952Z] INFO: Attempting to connect to MongoDB... 
[2025-04-27T16:13:56.953Z] INFO: Attempting to connect to MongoDB... 
[2025-04-27T16:13:56.955Z] ERROR: MongoDB connection error: Invalid scheme, expected connection string to start with "mongodb://" or "mongodb+srv://" 
[2025-04-27T16:14:21.451Z] INFO: Attempting to connect to MongoDB... 
[2025-04-27T16:14:21.454Z] INFO: Attempting to connect to MongoDB... 
[2025-04-27T16:14:21.457Z] INFO: MongoDB connected: undefined 
[2025-04-27T16:14:21.459Z] INFO: MongoDB connected: undefined 
[2025-04-27T16:14:21.470Z] ERROR: Server error: listen EADDRINUSE: address already in use :::5008 
[2025-04-27T16:14:52.172Z] INFO: Attempting to connect to MongoDB... 
[2025-04-27T16:14:52.175Z] INFO: Attempting to connect to MongoDB... 
[2025-04-27T16:14:52.179Z] INFO: MongoDB connected: undefined 
[2025-04-27T16:14:52.183Z] INFO: MongoDB connected: undefined 
[2025-04-27T16:14:52.195Z] INFO: Server running in development mode on port 5010 
[2025-04-27T16:14:52.196Z] INFO: API ready at: http://localhost:5010/api 
[2025-04-27T16:14:52.198Z] INFO: Server started at: 2025-04-27T16:14:52.198Z 
[2025-04-27T16:15:09.599Z] INFO: Attempting to connect to MongoDB... 
[2025-04-27T16:15:09.601Z] INFO: Attempting to connect to MongoDB... 
[2025-04-27T16:15:09.602Z] ERROR: MongoDB connection error: Invalid scheme, expected connection string to start with "mongodb://" or "mongodb+srv://" 
[2025-04-27T16:16:20.973Z] INFO: Attempting to connect to MongoDB... 
[2025-04-27T16:16:20.977Z] INFO: Attempting to connect to MongoDB... 
[2025-04-27T16:16:20.982Z] INFO: MongoDB connected: undefined 
[2025-04-27T16:16:20.984Z] INFO: MongoDB connected: undefined 
[2025-04-27T16:16:20.992Z] ERROR: Server error: listen EADDRINUSE: address already in use :::5010 
[2025-04-27T16:16:50.808Z] INFO: Attempting to connect to MongoDB... 
[2025-04-27T16:16:50.810Z] INFO: Attempting to connect to MongoDB... 
[2025-04-27T16:16:50.812Z] ERROR: MongoDB connection error: Invalid scheme, expected connection string to start with "mongodb://" or "mongodb+srv://" 
[2025-04-27T16:17:15.518Z] INFO: Attempting to connect to MongoDB... 
[2025-04-27T16:17:15.524Z] INFO: Attempting to connect to MongoDB... 
[2025-04-27T16:17:15.539Z] ERROR: MongoDB connection error: Invalid scheme, expected connection string to start with "mongodb://" or "mongodb+srv://" 
[2025-04-27T16:20:16.789Z] INFO: Attempting to connect to MongoDB... 
[2025-04-27T16:20:16.790Z] INFO: Attempting to connect to MongoDB... 
[2025-04-27T16:20:16.792Z] ERROR: MongoDB connection error: Invalid scheme, expected connection string to start with "mongodb://" or "mongodb+srv://" 
[2025-04-27T16:20:45.353Z] INFO: Attempting to connect to MongoDB... 
[2025-04-27T16:20:45.354Z] INFO: Attempting to connect to MongoDB... 
[2025-04-27T16:20:45.356Z] ERROR: MongoDB connection error: Invalid scheme, expected connection string to start with "mongodb://" or "mongodb+srv://" 
[2025-04-27T16:23:09.782Z] INFO: Attempting to connect to MongoDB... 
[2025-04-27T16:23:09.783Z] INFO: Attempting to connect to MongoDB... 
[2025-04-27T16:23:09.785Z] ERROR: MongoDB connection error: Invalid scheme, expected connection string to start with "mongodb://" or "mongodb+srv://" 
[2025-04-27T16:23:22.642Z] INFO: Attempting to connect to MongoDB... 
[2025-04-27T16:23:22.644Z] INFO: Attempting to connect to MongoDB... 
[2025-04-27T16:23:22.646Z] INFO: MongoDB connected: undefined 
[2025-04-27T16:23:22.648Z] INFO: MongoDB connected: undefined 
[2025-04-27T16:23:22.653Z] ERROR: Server error: listen EADDRINUSE: address already in use :::5010 
[2025-04-27T16:24:31.932Z] INFO: Attempting to connect to MongoDB... 
[2025-04-27T16:24:31.933Z] INFO: Attempting to connect to MongoDB... 
[2025-04-27T16:24:31.934Z] INFO: MongoDB connected: undefined 
[2025-04-27T16:24:31.935Z] INFO: MongoDB connected: undefined 
[2025-04-27T16:24:31.941Z] INFO: Server running in development mode on port 5010 
[2025-04-27T16:24:31.941Z] INFO: API ready at: http://localhost:5010/api 
[2025-04-27T16:24:31.942Z] INFO: Server started at: 2025-04-27T16:24:31.942Z 
[2025-04-27T16:35:44.691Z] INFO: Attempting to connect to MongoDB... 
[2025-04-27T16:35:44.693Z] INFO: Attempting to connect to MongoDB... 
[2025-04-27T16:35:44.695Z] INFO: MongoDB connected: undefined 
[2025-04-27T16:35:44.696Z] INFO: MongoDB connected: undefined 
[2025-04-27T16:35:44.705Z] INFO: Original port 5010 was in use, switched to port 50101 
[2025-04-27T16:35:44.708Z] INFO: Server running in development mode on port 50101 
[2025-04-27T16:35:44.709Z] INFO: API ready at: http://localhost:50101/api 
[2025-04-27T16:35:44.710Z] INFO: Server started at: 2025-04-27T16:35:44.710Z 
[2025-04-27T16:46:47.886Z] INFO: Attempting to connect to MongoDB... 
[2025-04-27T16:46:47.888Z] INFO: Attempting to connect to MongoDB... 
[2025-04-27T16:46:47.889Z] INFO: MongoDB connected: undefined 
[2025-04-27T16:46:47.890Z] INFO: MongoDB connected: undefined 
[2025-04-27T16:46:47.897Z] INFO: Original port 5010 was in use, switched to port 50102 
[2025-04-27T16:46:47.899Z] INFO: Server running in development mode on port 50102 
[2025-04-27T16:46:47.900Z] INFO: API ready at: http://localhost:50102/api 
[2025-04-27T16:46:47.901Z] INFO: Server started at: 2025-04-27T16:46:47.901Z 
[2025-04-27T17:39:05.209Z] INFO: Attempting to connect to MongoDB... 
[2025-04-27T17:39:05.211Z] INFO: Attempting to connect to MongoDB... 
[2025-04-27T17:39:05.213Z] INFO: MongoDB connected: undefined 
[2025-04-27T17:39:05.214Z] INFO: MongoDB connected: undefined 
[2025-04-27T17:39:05.223Z] INFO: Server running in development mode on port 5010 
[2025-04-27T17:39:05.224Z] INFO: API ready at: http://localhost:5010/api 
[2025-04-27T17:39:05.226Z] INFO: Server started at: 2025-04-27T17:39:05.226Z 
